<?xml version="1.0" encoding="UTF-8"?>
<!-- Generated by org.testng.reporters.JUnitXMLReporter -->
<testsuite ignored="0" hostname="Ashans-MacBook-Air-2.local" failures="0" tests="5" name="CRM Functional Tests" time="174.91" errors="0" timestamp="2025-10-23T21:59:51 IST">
  <testcase classname="com.crm.test.LoginPageTest" name="loginTest" time="10.981"/>
  <testcase classname="com.crm.test.HomePageTest" name="verifyHomeLogoTest" time="6.957"/>
  <testcase classname="com.crm.test.HomePageTest" name="clickNewButtonTest" time="1.231"/>
  <testcase classname="com.crm.test.CreatePersonTest" name="CreateNewPersonRecordTest" time="19.362"/>
  <testcase classname="com.crm.test.PersonSummaryTest" name="VerifyPersonTopContent" time="7.251"/>
</testsuite> <!-- CRM Functional Tests -->
