<?xml version="1.0" encoding="UTF-8"?>
<testng-results ignored="0" total="5" passed="5" failed="0" skipped="0">
  <reporter-output>
  </reporter-output>
  <suite started-at="2025-10-23T21:56:56 IST" name="CRM Automation Suite" finished-at="2025-10-23T21:59:51 IST" duration-ms="174910">
    <groups>
    </groups>
    <test started-at="2025-10-23T21:56:56 IST" name="CRM Functional Tests" finished-at="2025-10-23T21:59:51 IST" duration-ms="174910">
      <class name="com.crm.test.LoginPageTest">
        <test-method is-config="true" signature="setup()[pri:0, instance:com.crm.test.LoginPageTest@2e4b8173]" started-at="2025-10-23T21:56:56 IST" name="setup" finished-at="2025-10-23T21:57:13 IST" duration-ms="16861" status="PASS">
          <reporter-output>
          </reporter-output>
        </test-method> <!-- setup -->
        <test-method signature="loginTest()[pri:1, instance:com.crm.test.LoginPageTest@2e4b8173]" started-at="2025-10-23T21:57:13 IST" name="loginTest" finished-at="2025-10-23T21:57:24 IST" duration-ms="10981" status="PASS">
          <reporter-output>
          </reporter-output>
        </test-method> <!-- loginTest -->
        <test-method is-config="true" signature="tearDown()[pri:0, instance:com.crm.test.LoginPageTest@2e4b8173]" started-at="2025-10-23T21:57:24 IST" name="tearDown" finished-at="2025-10-23T21:57:24 IST" duration-ms="188" status="PASS">
          <reporter-output>
          </reporter-output>
        </test-method> <!-- tearDown -->
      </class> <!-- com.crm.test.LoginPageTest -->
      <class name="com.crm.test.CreatePersonTest">
        <test-method is-config="true" signature="setup()[pri:0, instance:com.crm.test.CreatePersonTest@708f5957]" started-at="2025-10-23T21:58:15 IST" name="setup" finished-at="2025-10-23T21:58:38 IST" duration-ms="22980" status="PASS">
          <reporter-output>
          </reporter-output>
        </test-method> <!-- setup -->
        <test-method signature="CreateNewPersonRecordTest()[pri:0, instance:com.crm.test.CreatePersonTest@708f5957]" started-at="2025-10-23T21:58:38 IST" name="CreateNewPersonRecordTest" finished-at="2025-10-23T21:58:57 IST" duration-ms="19362" status="PASS">
          <reporter-output>
          </reporter-output>
        </test-method> <!-- CreateNewPersonRecordTest -->
        <test-method is-config="true" signature="tearDown()[pri:0, instance:com.crm.test.CreatePersonTest@708f5957]" started-at="2025-10-23T21:58:57 IST" name="tearDown" finished-at="2025-10-23T21:58:58 IST" duration-ms="169" status="PASS">
          <reporter-output>
          </reporter-output>
        </test-method> <!-- tearDown -->
      </class> <!-- com.crm.test.CreatePersonTest -->
      <class name="com.crm.test.HomePageTest">
        <test-method is-config="true" signature="setup()[pri:0, instance:com.crm.test.HomePageTest@619713e5]" started-at="2025-10-23T21:57:24 IST" name="setup" finished-at="2025-10-23T21:57:43 IST" duration-ms="19337" status="PASS">
          <reporter-output>
          </reporter-output>
        </test-method> <!-- setup -->
        <test-method signature="verifyHomeLogoTest()[pri:1, instance:com.crm.test.HomePageTest@619713e5]" started-at="2025-10-23T21:57:43 IST" name="verifyHomeLogoTest" finished-at="2025-10-23T21:57:50 IST" duration-ms="6957" status="PASS">
          <reporter-output>
          </reporter-output>
        </test-method> <!-- verifyHomeLogoTest -->
        <test-method is-config="true" signature="tearDown()[pri:0, instance:com.crm.test.HomePageTest@619713e5]" started-at="2025-10-23T21:57:50 IST" name="tearDown" finished-at="2025-10-23T21:57:50 IST" duration-ms="142" status="PASS">
          <reporter-output>
          </reporter-output>
        </test-method> <!-- tearDown -->
        <test-method is-config="true" signature="setup()[pri:0, instance:com.crm.test.HomePageTest@619713e5]" started-at="2025-10-23T21:57:50 IST" name="setup" finished-at="2025-10-23T21:58:14 IST" duration-ms="23408" status="PASS">
          <reporter-output>
          </reporter-output>
        </test-method> <!-- setup -->
        <test-method signature="clickNewButtonTest()[pri:2, instance:com.crm.test.HomePageTest@619713e5]" started-at="2025-10-23T21:58:14 IST" name="clickNewButtonTest" finished-at="2025-10-23T21:58:15 IST" duration-ms="1231" status="PASS">
          <reporter-output>
          </reporter-output>
        </test-method> <!-- clickNewButtonTest -->
        <test-method is-config="true" signature="tearDown()[pri:0, instance:com.crm.test.HomePageTest@619713e5]" started-at="2025-10-23T21:58:15 IST" name="tearDown" finished-at="2025-10-23T21:58:15 IST" duration-ms="138" status="PASS">
          <reporter-output>
          </reporter-output>
        </test-method> <!-- tearDown -->
      </class> <!-- com.crm.test.HomePageTest -->
      <class name="com.crm.test.PersonSummaryTest">
        <test-method is-config="true" signature="setup()[pri:0, instance:com.crm.test.PersonSummaryTest@68999068]" started-at="2025-10-23T21:58:58 IST" name="setup" finished-at="2025-10-23T21:59:43 IST" duration-ms="45656" status="PASS">
          <reporter-output>
          </reporter-output>
        </test-method> <!-- setup -->
        <test-method signature="VerifyPersonTopContent()[pri:1, instance:com.crm.test.PersonSummaryTest@68999068]" started-at="2025-10-23T21:59:43 IST" name="VerifyPersonTopContent" finished-at="2025-10-23T21:59:50 IST" duration-ms="7251" status="PASS">
          <reporter-output>
          </reporter-output>
        </test-method> <!-- VerifyPersonTopContent -->
        <test-method is-config="true" signature="tearDown()[pri:0, instance:com.crm.test.PersonSummaryTest@68999068]" started-at="2025-10-23T21:59:50 IST" name="tearDown" finished-at="2025-10-23T21:59:51 IST" duration-ms="129" status="PASS">
          <reporter-output>
          </reporter-output>
        </test-method> <!-- tearDown -->
      </class> <!-- com.crm.test.PersonSummaryTest -->
    </test> <!-- CRM Functional Tests -->
  </suite> <!-- CRM Automation Suite -->
</testng-results>
